Starting Redis Server
1:C 23 May 2025 09:55:28.793 * oO0OoO0OoO0Oo Redis is starting oO0OoO0OoO0Oo
1:C 23 May 2025 09:55:28.794 * Redis version=8.0.1, bits=64, commit=00000000, modified=1, pid=1, just started
1:C 23 May 2025 09:55:28.794 * Configuration loaded
1:M 23 May 2025 09:55:28.794 * monotonic clock: POSIX clock_gettime
1:M 23 May 2025 09:55:28.800 * Running mode=standalone, port=6379.
1:M 23 May 2025 09:55:28.809 * <bf> RedisBloom version 8.0.1 (Git=unknown)
1:M 23 May 2025 09:55:28.809 * <bf> Registering configuration options: [
1:M 23 May 2025 09:55:28.810 * <bf> 	{ bf-error-rate       :      0.01 }
1:M 23 May 2025 09:55:28.810 * <bf> 	{ bf-initial-size     :       100 }
1:M 23 May 2025 09:55:28.810 * <bf> 	{ bf-expansion-factor :         2 }
1:M 23 May 2025 09:55:28.810 * <bf> 	{ cf-bucket-size      :         2 }
1:M 23 May 2025 09:55:28.810 * <bf> 	{ cf-initial-size     :      1024 }
1:M 23 May 2025 09:55:28.810 * <bf> 	{ cf-max-iterations   :        20 }
1:M 23 May 2025 09:55:28.810 * <bf> 	{ cf-expansion-factor :         1 }
1:M 23 May 2025 09:55:28.810 * <bf> 	{ cf-max-expansions   :        32 }
1:M 23 May 2025 09:55:28.810 * <bf> ]
1:M 23 May 2025 09:55:28.811 * Module 'bf' loaded from /usr/local/lib/redis/modules//redisbloom.so
1:M 23 May 2025 09:55:28.909 * <search> Redis version found by RedisSearch : 8.0.1 - oss
1:M 23 May 2025 09:55:28.909 * <search> RediSearch version 8.0.1 (Git=5688fcc)
1:M 23 May 2025 09:55:28.910 * <search> Low level api version 1 initialized successfully
1:M 23 May 2025 09:55:28.911 * <search> gc: ON, prefix min length: 2, min word length to stem: 4, prefix max expansions: 200, query timeout (ms): 500, timeout policy: return, cursor read size: 1000, cursor max idle (ms): 300000, max doctable size: 1000000, max number of search results:  1000000, 
1:M 23 May 2025 09:55:28.914 * <search> Initialized thread pools!
1:M 23 May 2025 09:55:28.990 * <search> Disabled workers threadpool of size 0
1:M 23 May 2025 09:55:28.993 * <search> Subscribe to config changes
1:M 23 May 2025 09:55:28.993 * <search> Enabled role change notification
1:M 23 May 2025 09:55:28.995 * <search> Cluster configuration: AUTO partitions, type: 0, coordinator timeout: 0ms
1:M 23 May 2025 09:55:28.998 * <search> Register write commands
1:M 23 May 2025 09:55:28.998 * Module 'search' loaded from /usr/local/lib/redis/modules//redisearch.so
1:M 23 May 2025 09:55:29.003 * <timeseries> RedisTimeSeries version 80001, git_sha=577bfa8b5909e7ee572f0b651399be8303dc6641
1:M 23 May 2025 09:55:29.003 * <timeseries> Redis version found by RedisTimeSeries : 8.0.1 - oss
1:M 23 May 2025 09:55:29.005 * <timeseries> Registering configuration options: [
1:M 23 May 2025 09:55:29.005 * <timeseries> 	{ ts-compaction-policy   :              }
1:M 23 May 2025 09:55:29.005 * <timeseries> 	{ ts-num-threads         :            3 }
1:M 23 May 2025 09:55:29.005 * <timeseries> 	{ ts-retention-policy    :            0 }
1:M 23 May 2025 09:55:29.005 * <timeseries> 	{ ts-duplicate-policy    :        block }
1:M 23 May 2025 09:55:29.005 * <timeseries> 	{ ts-chunk-size-bytes    :         4096 }
1:M 23 May 2025 09:55:29.005 * <timeseries> 	{ ts-encoding            :   compressed }
1:M 23 May 2025 09:55:29.005 * <timeseries> 	{ ts-ignore-max-time-diff:            0 }
1:M 23 May 2025 09:55:29.005 * <timeseries> 	{ ts-ignore-max-val-diff :     0.000000 }
1:M 23 May 2025 09:55:29.005 * <timeseries> ]
1:M 23 May 2025 09:55:29.008 * <timeseries> Detected redis oss
1:M 23 May 2025 09:55:29.011 * Module 'timeseries' loaded from /usr/local/lib/redis/modules//redistimeseries.so
1:M 23 May 2025 09:55:29.099 * <ReJSON> Created new data type 'ReJSON-RL'
1:M 23 May 2025 09:55:29.101 * <ReJSON> version: 80001 git sha: unknown branch: unknown
1:M 23 May 2025 09:55:29.101 * <ReJSON> Exported RedisJSON_V1 API
1:M 23 May 2025 09:55:29.101 * <ReJSON> Exported RedisJSON_V2 API
1:M 23 May 2025 09:55:29.101 * <ReJSON> Exported RedisJSON_V3 API
1:M 23 May 2025 09:55:29.101 * <ReJSON> Exported RedisJSON_V4 API
1:M 23 May 2025 09:55:29.101 * <ReJSON> Exported RedisJSON_V5 API
1:M 23 May 2025 09:55:29.101 * <ReJSON> Enabled diskless replication
1:M 23 May 2025 09:55:29.101 * <ReJSON> Initialized shared string cache, thread safe: false.
1:M 23 May 2025 09:55:29.102 * Module 'ReJSON' loaded from /usr/local/lib/redis/modules//rejson.so
1:M 23 May 2025 09:55:29.102 * <search> Acquired RedisJSON_V5 API
1:M 23 May 2025 09:55:29.105 * Server initialized
1:M 23 May 2025 09:55:29.105 * Ready to accept connections tcp
